Started by user [8mha:////4PoKLiuh1ZAUw0W3XXYa06KVjM/jTVPI8Bb9asVRWEIMAAAAlx+LCAAAAAAAAP9b85aBtbiIQTGjNKU4P08vOT+vOD8nVc83PyU1x6OyILUoJzMv2y+/JJUBAhiZGBgqihhk0NSjKDWzXb3RdlLBUSYGJk8GtpzUvPSSDB8G5tKinBIGIZ+sxLJE/ZzEvHT94JKizLx0a6BxUmjGOUNodHsLgAzWEgZu/dLi1CL9xJTczDwAj6GcLcAAAAA=[0madmin
Obtained Jenkinsfile from git http://maggessy.myqnapcloud.com:8888/gmaggess/sample.git
org.codehaus.groovy.control.MultipleCompilationErrorsException: startup failed:
WorkflowScript: 5: Undefined section "stage" @ line 5, column 5.
       stage('Checkout') {
       ^

WorkflowScript: 11: Multiple occurrences of the stage section @ line 11, column 5.
       stage('Install') {
       ^

WorkflowScript: 11: Undefined section "stage" @ line 11, column 5.
       stage('Install') {
       ^

WorkflowScript: 15: Multiple occurrences of the stage section @ line 15, column 5.
       stage('Lint') {
       ^

WorkflowScript: 15: Undefined section "stage" @ line 15, column 5.
       stage('Lint') {
       ^

WorkflowScript: 19: Multiple occurrences of the stage section @ line 19, column 5.
       stage('Build') {
       ^

WorkflowScript: 19: Undefined section "stage" @ line 19, column 5.
       stage('Build') {
       ^

WorkflowScript: 23: Multiple occurrences of the stage section @ line 23, column 5.
       stage('Unit Test') {
       ^

WorkflowScript: 23: Undefined section "stage" @ line 23, column 5.
       stage('Unit Test') {
       ^

WorkflowScript: 3: Missing required section "stages" @ line 3, column 1.
   pipeline {
   ^

10 errors

	at org.codehaus.groovy.control.ErrorCollector.failIfErrors(ErrorCollector.java:310)
	at org.codehaus.groovy.control.CompilationUnit.applyToPrimaryClassNodes(CompilationUnit.java:1073)
	at org.codehaus.groovy.control.CompilationUnit.doPhaseOperation(CompilationUnit.java:591)
	at org.codehaus.groovy.control.CompilationUnit.processPhaseOperations(CompilationUnit.java:569)
	at org.codehaus.groovy.control.CompilationUnit.compile(CompilationUnit.java:546)
	at groovy.lang.GroovyClassLoader.doParseClass(GroovyClassLoader.java:298)
	at groovy.lang.GroovyClassLoader.parseClass(GroovyClassLoader.java:268)
	at groovy.lang.GroovyShell.parseClass(GroovyShell.java:688)
	at groovy.lang.GroovyShell.parse(GroovyShell.java:700)
	at org.jenkinsci.plugins.workflow.cps.CpsGroovyShell.doParse(CpsGroovyShell.java:129)
	at org.jenkinsci.plugins.workflow.cps.CpsGroovyShell.reparse(CpsGroovyShell.java:123)
	at org.jenkinsci.plugins.workflow.cps.CpsFlowExecution.parseScript(CpsFlowExecution.java:515)
	at org.jenkinsci.plugins.workflow.cps.CpsFlowExecution.start(CpsFlowExecution.java:478)
	at org.jenkinsci.plugins.workflow.job.WorkflowRun.run(WorkflowRun.java:240)
	at hudson.model.ResourceController.execute(ResourceController.java:98)
	at hudson.model.Executor.run(Executor.java:405)
Finished: FAILURE
